<?xml version="1.0" encoding="UTF-8"?>
<!-- Generated by org.testng.reporters.JUnitXMLReporter -->
<testsuite hostname="NTINLTP1200343" ignored="0" name="Default test" tests="4" failures="0" timestamp="06 Sep 2018 15:48:28 GMT" time="0.046" errors="0">
  <testcase name="initEnvironmentTest" time="0.011" classname="Dependencies.DependencyTestUsingAnnotation"/>
  <testcase name="xnitEnvironmentTest" time="0.002" classname="Dependencies.DependencyTestUsingAnnotation"/>
  <testcase name="testSalutationMessage" time="0.002" classname="Dependencies.DependencyTestUsingAnnotation"/>
  <testcase name="testArintMessage" time="0.002" classname="Dependencies.DependencyTestUsingAnnotation"/>
</testsuite> <!-- Default test -->
